2021-06-08 21:37:38,547 - DRL.agents.Base_Agent - INFO - 0 -- Boat Schedule
2021-06-08 21:37:38,547 - DRL.agents.Base_Agent - INFO - 1 -- DISCRETE
2021-06-08 21:37:38,547 - DRL.agents.Base_Agent - INFO - 2 -- 18
2021-06-08 21:37:38,547 - DRL.agents.Base_Agent - INFO - 3 -- None
2021-06-08 21:37:38,547 - DRL.agents.Base_Agent - INFO - 4 -- 205
2021-06-08 21:37:38,547 - DRL.agents.Base_Agent - INFO - 5 -- {'learning_rate': 0.05, 'linear_hidden_units': [20, 20], 'final_layer_activation': 'SOFTMAX', 'learning_iterations_per_round': 5, 'discount_rate': 0.99, 'batch_norm': False, 'clip_epsilon': 0.1, 'episodes_per_learning_round': 10, 'normalise_rewards': True, 'gradient_clipping_norm': 7.0, 'mu': 0.0, 'theta': 0.0, 'sigma': 0.0, 'epsilon_decay_rate_denominator': 1.0, 'clip_rewards': False}
2021-06-08 21:37:38,552 - DRL.agents.Base_Agent - INFO - 6 -- -1000
2021-06-08 21:37:38,552 - DRL.agents.Base_Agent - INFO - 7 -- 50
2021-06-08 21:37:38,552 - DRL.agents.Base_Agent - INFO - 8 -- cpu
2021-06-08 21:37:38,559 - DRL.agents.Base_Agent - INFO - Reseting game -- New start state [9 9 9 9 9 9 9 9 9 9 9 9 9 9 9 9 9 9 1 1 1 1 1 1 1 1 1 1 1 1 1 1 1 1 1 1 1
 1 1 1 1 1 1 1 1 1 1 1 1 1 1 1 1 1 1 1 1 1 1 1 1 1 1 1 1 1 1 1 1 1 1 1 1 1
 1 0 0 0 0 1 1 0 0 0 1 1 1 1 0 0 1 1 1 0 0 0 0 1 1 0 0 0 1 1 1 1 0 0 1 1 1
 0 0 0 0 1 1 0 0 0 1 1 1 1 0 0 1 1 1 0 0 0 0 1 1 0 0 0 1 1 1 1 0 0 1 1 1 0
 0 0 0 1 1 0 0 0 1 1 1 1 0 0 1 1 1 0 0 0 0 1 1 0 0 0 1 1 1 1 0 0 5 0 9 5 0
 9 5 0 9 5 0 9 5 0 9 5 0 9 5 0 9 5 0 9 0]
2021-06-08 21:37:41,791 - DRL.agents.Base_Agent - INFO - Reseting game -- New start state [9 9 9 9 9 9 9 9 9 9 9 9 9 9 9 9 9 9 1 1 1 1 1 1 1 1 1 1 1 1 1 1 1 1 1 1 1
 1 1 1 1 1 1 1 1 1 1 1 1 1 1 1 1 1 1 1 1 1 1 1 1 1 1 1 1 1 1 1 1 1 1 1 1 1
 1 0 0 0 0 1 1 0 0 0 1 1 1 1 0 0 1 1 1 0 0 0 0 1 1 0 0 0 1 1 1 1 0 0 1 1 1
 0 0 0 0 1 1 0 0 0 1 1 1 1 0 0 1 1 1 0 0 0 0 1 1 0 0 0 1 1 1 1 0 0 1 1 1 0
 0 0 0 1 1 0 0 0 1 1 1 1 0 0 1 1 1 0 0 0 0 1 1 0 0 0 1 1 1 1 0 0 5 0 9 5 0
 9 5 0 9 5 0 9 5 0 9 5 0 9 5 0 9 5 0 9 0]
2021-06-08 21:37:45,168 - DRL.agents.Base_Agent - INFO - Reseting game -- New start state [9 9 9 9 9 9 9 9 9 9 9 9 9 9 9 9 9 9 1 1 1 1 1 1 1 1 1 1 1 1 1 1 1 1 1 1 1
 1 1 1 1 1 1 1 1 1 1 1 1 1 1 1 1 1 1 1 1 1 1 1 1 1 1 1 1 1 1 1 1 1 1 1 1 1
 1 0 0 0 0 1 1 0 0 0 1 1 1 1 0 0 1 1 1 0 0 0 0 1 1 0 0 0 1 1 1 1 0 0 1 1 1
 0 0 0 0 1 1 0 0 0 1 1 1 1 0 0 1 1 1 0 0 0 0 1 1 0 0 0 1 1 1 1 0 0 1 1 1 0
 0 0 0 1 1 0 0 0 1 1 1 1 0 0 1 1 1 0 0 0 0 1 1 0 0 0 1 1 1 1 0 0 5 0 9 5 0
 9 5 0 9 5 0 9 5 0 9 5 0 9 5 0 9 5 0 9 0]
2021-06-08 21:37:48,481 - DRL.agents.Base_Agent - INFO - Reseting game -- New start state [9 9 9 9 9 9 9 9 9 9 9 9 9 9 9 9 9 9 1 1 1 1 1 1 1 1 1 1 1 1 1 1 1 1 1 1 1
 1 1 1 1 1 1 1 1 1 1 1 1 1 1 1 1 1 1 1 1 1 1 1 1 1 1 1 1 1 1 1 1 1 1 1 1 1
 1 0 0 0 0 1 1 0 0 0 1 1 1 1 0 0 1 1 1 0 0 0 0 1 1 0 0 0 1 1 1 1 0 0 1 1 1
 0 0 0 0 1 1 0 0 0 1 1 1 1 0 0 1 1 1 0 0 0 0 1 1 0 0 0 1 1 1 1 0 0 1 1 1 0
 0 0 0 1 1 0 0 0 1 1 1 1 0 0 1 1 1 0 0 0 0 1 1 0 0 0 1 1 1 1 0 0 5 0 9 5 0
 9 5 0 9 5 0 9 5 0 9 5 0 9 5 0 9 5 0 9 0]
2021-06-08 21:37:51,786 - DRL.agents.Base_Agent - INFO - Reseting game -- New start state [9 9 9 9 9 9 9 9 9 9 9 9 9 9 9 9 9 9 1 1 1 1 1 1 1 1 1 1 1 1 1 1 1 1 1 1 1
 1 1 1 1 1 1 1 1 1 1 1 1 1 1 1 1 1 1 1 1 1 1 1 1 1 1 1 1 1 1 1 1 1 1 1 1 1
 1 0 0 0 0 1 1 0 0 0 1 1 1 1 0 0 1 1 1 0 0 0 0 1 1 0 0 0 1 1 1 1 0 0 1 1 1
 0 0 0 0 1 1 0 0 0 1 1 1 1 0 0 1 1 1 0 0 0 0 1 1 0 0 0 1 1 1 1 0 0 1 1 1 0
 0 0 0 1 1 0 0 0 1 1 1 1 0 0 1 1 1 0 0 0 0 1 1 0 0 0 1 1 1 1 0 0 5 0 9 5 0
 9 5 0 9 5 0 9 5 0 9 5 0 9 5 0 9 5 0 9 0]
2021-06-08 21:37:55,087 - DRL.agents.Base_Agent - INFO - Reseting game -- New start state [9 9 9 9 9 9 9 9 9 9 9 9 9 9 9 9 9 9 1 1 1 1 1 1 1 1 1 1 1 1 1 1 1 1 1 1 1
 1 1 1 1 1 1 1 1 1 1 1 1 1 1 1 1 1 1 1 1 1 1 1 1 1 1 1 1 1 1 1 1 1 1 1 1 1
 1 0 0 0 0 1 1 0 0 0 1 1 1 1 0 0 1 1 1 0 0 0 0 1 1 0 0 0 1 1 1 1 0 0 1 1 1
 0 0 0 0 1 1 0 0 0 1 1 1 1 0 0 1 1 1 0 0 0 0 1 1 0 0 0 1 1 1 1 0 0 1 1 1 0
 0 0 0 1 1 0 0 0 1 1 1 1 0 0 1 1 1 0 0 0 0 1 1 0 0 0 1 1 1 1 0 0 5 0 9 5 0
 9 5 0 9 5 0 9 5 0 9 5 0 9 5 0 9 5 0 9 0]
2021-06-08 21:37:58,334 - DRL.agents.Base_Agent - INFO - Reseting game -- New start state [9 9 9 9 9 9 9 9 9 9 9 9 9 9 9 9 9 9 1 1 1 1 1 1 1 1 1 1 1 1 1 1 1 1 1 1 1
 1 1 1 1 1 1 1 1 1 1 1 1 1 1 1 1 1 1 1 1 1 1 1 1 1 1 1 1 1 1 1 1 1 1 1 1 1
 1 0 0 0 0 1 1 0 0 0 1 1 1 1 0 0 1 1 1 0 0 0 0 1 1 0 0 0 1 1 1 1 0 0 1 1 1
 0 0 0 0 1 1 0 0 0 1 1 1 1 0 0 1 1 1 0 0 0 0 1 1 0 0 0 1 1 1 1 0 0 1 1 1 0
 0 0 0 1 1 0 0 0 1 1 1 1 0 0 1 1 1 0 0 0 0 1 1 0 0 0 1 1 1 1 0 0 5 0 9 5 0
 9 5 0 9 5 0 9 5 0 9 5 0 9 5 0 9 5 0 9 0]
2021-06-08 21:38:01,639 - DRL.agents.Base_Agent - INFO - Reseting game -- New start state [9 9 9 9 9 9 9 9 9 9 9 9 9 9 9 9 9 9 1 1 1 1 1 1 1 1 1 1 1 1 1 1 1 1 1 1 1
 1 1 1 1 1 1 1 1 1 1 1 1 1 1 1 1 1 1 1 1 1 1 1 1 1 1 1 1 1 1 1 1 1 1 1 1 1
 1 0 0 0 0 1 1 0 0 0 1 1 1 1 0 0 1 1 1 0 0 0 0 1 1 0 0 0 1 1 1 1 0 0 1 1 1
 0 0 0 0 1 1 0 0 0 1 1 1 1 0 0 1 1 1 0 0 0 0 1 1 0 0 0 1 1 1 1 0 0 1 1 1 0
 0 0 0 1 1 0 0 0 1 1 1 1 0 0 1 1 1 0 0 0 0 1 1 0 0 0 1 1 1 1 0 0 5 0 9 5 0
 9 5 0 9 5 0 9 5 0 9 5 0 9 5 0 9 5 0 9 0]
2021-06-08 21:38:04,829 - DRL.agents.Base_Agent - INFO - Reseting game -- New start state [9 9 9 9 9 9 9 9 9 9 9 9 9 9 9 9 9 9 1 1 1 1 1 1 1 1 1 1 1 1 1 1 1 1 1 1 1
 1 1 1 1 1 1 1 1 1 1 1 1 1 1 1 1 1 1 1 1 1 1 1 1 1 1 1 1 1 1 1 1 1 1 1 1 1
 1 0 0 0 0 1 1 0 0 0 1 1 1 1 0 0 1 1 1 0 0 0 0 1 1 0 0 0 1 1 1 1 0 0 1 1 1
 0 0 0 0 1 1 0 0 0 1 1 1 1 0 0 1 1 1 0 0 0 0 1 1 0 0 0 1 1 1 1 0 0 1 1 1 0
 0 0 0 1 1 0 0 0 1 1 1 1 0 0 1 1 1 0 0 0 0 1 1 0 0 0 1 1 1 1 0 0 5 0 9 5 0
 9 5 0 9 5 0 9 5 0 9 5 0 9 5 0 9 5 0 9 0]
2021-06-08 21:38:08,240 - DRL.agents.Base_Agent - INFO - Reseting game -- New start state [9 9 9 9 9 9 9 9 9 9 9 9 9 9 9 9 9 9 1 1 1 1 1 1 1 1 1 1 1 1 1 1 1 1 1 1 1
 1 1 1 1 1 1 1 1 1 1 1 1 1 1 1 1 1 1 1 1 1 1 1 1 1 1 1 1 1 1 1 1 1 1 1 1 1
 1 0 0 0 0 1 1 0 0 0 1 1 1 1 0 0 1 1 1 0 0 0 0 1 1 0 0 0 1 1 1 1 0 0 1 1 1
 0 0 0 0 1 1 0 0 0 1 1 1 1 0 0 1 1 1 0 0 0 0 1 1 0 0 0 1 1 1 1 0 0 1 1 1 0
 0 0 0 1 1 0 0 0 1 1 1 1 0 0 1 1 1 0 0 0 0 1 1 0 0 0 1 1 1 1 0 0 5 0 9 5 0
 9 5 0 9 5 0 9 5 0 9 5 0 9 5 0 9 5 0 9 0]
2021-06-08 21:38:11,811 - DRL.agents.Base_Agent - INFO - 0 -- Boat Schedule
2021-06-08 21:38:11,811 - DRL.agents.Base_Agent - INFO - 0 -- Boat Schedule
2021-06-08 21:38:11,811 - DRL.agents.Base_Agent - INFO - 1 -- DISCRETE
2021-06-08 21:38:11,811 - DRL.agents.Base_Agent - INFO - 1 -- DISCRETE
2021-06-08 21:38:11,811 - DRL.agents.Base_Agent - INFO - 2 -- 18
2021-06-08 21:38:11,811 - DRL.agents.Base_Agent - INFO - 2 -- 18
2021-06-08 21:38:11,811 - DRL.agents.Base_Agent - INFO - 3 -- None
2021-06-08 21:38:11,811 - DRL.agents.Base_Agent - INFO - 3 -- None
2021-06-08 21:38:11,811 - DRL.agents.Base_Agent - INFO - 4 -- 205
2021-06-08 21:38:11,811 - DRL.agents.Base_Agent - INFO - 4 -- 205
2021-06-08 21:38:11,811 - DRL.agents.Base_Agent - INFO - 5 -- {'learning_rate': 0.05, 'linear_hidden_units': [20, 20], 'final_layer_activation': 'SOFTMAX', 'learning_iterations_per_round': 5, 'discount_rate': 0.99, 'batch_norm': False, 'clip_epsilon': 0.1, 'episodes_per_learning_round': 10, 'normalise_rewards': True, 'gradient_clipping_norm': 7.0, 'mu': 0.0, 'theta': 0.0, 'sigma': 0.0, 'epsilon_decay_rate_denominator': 1.0, 'clip_rewards': False}
2021-06-08 21:38:11,811 - DRL.agents.Base_Agent - INFO - 5 -- {'learning_rate': 0.05, 'linear_hidden_units': [20, 20], 'final_layer_activation': 'SOFTMAX', 'learning_iterations_per_round': 5, 'discount_rate': 0.99, 'batch_norm': False, 'clip_epsilon': 0.1, 'episodes_per_learning_round': 10, 'normalise_rewards': True, 'gradient_clipping_norm': 7.0, 'mu': 0.0, 'theta': 0.0, 'sigma': 0.0, 'epsilon_decay_rate_denominator': 1.0, 'clip_rewards': False}
2021-06-08 21:38:11,811 - DRL.agents.Base_Agent - INFO - 6 -- -1000
2021-06-08 21:38:11,811 - DRL.agents.Base_Agent - INFO - 6 -- -1000
2021-06-08 21:38:11,811 - DRL.agents.Base_Agent - INFO - 7 -- 50
2021-06-08 21:38:11,811 - DRL.agents.Base_Agent - INFO - 7 -- 50
2021-06-08 21:38:11,811 - DRL.agents.Base_Agent - INFO - 8 -- cpu
2021-06-08 21:38:11,811 - DRL.agents.Base_Agent - INFO - 8 -- cpu
2021-06-08 21:38:11,817 - DRL.agents.Base_Agent - INFO - Reseting game -- New start state [9 9 9 9 9 9 9 9 9 9 9 9 9 9 9 9 9 9 1 1 1 1 1 1 1 1 1 1 1 1 1 1 1 1 1 1 1
 1 1 1 1 1 1 1 1 1 1 1 1 1 1 1 1 1 1 1 1 1 1 1 1 1 1 1 1 1 1 1 1 1 1 1 1 1
 1 0 0 0 0 1 1 0 0 0 1 1 1 1 0 0 1 1 1 0 0 0 0 1 1 0 0 0 1 1 1 1 0 0 1 1 1
 0 0 0 0 1 1 0 0 0 1 1 1 1 0 0 1 1 1 0 0 0 0 1 1 0 0 0 1 1 1 1 0 0 1 1 1 0
 0 0 0 1 1 0 0 0 1 1 1 1 0 0 1 1 1 0 0 0 0 1 1 0 0 0 1 1 1 1 0 0 5 0 9 5 0
 9 5 0 9 5 0 9 5 0 9 5 0 9 5 0 9 5 0 9 0]
2021-06-08 21:38:11,817 - DRL.agents.Base_Agent - INFO - Reseting game -- New start state [9 9 9 9 9 9 9 9 9 9 9 9 9 9 9 9 9 9 1 1 1 1 1 1 1 1 1 1 1 1 1 1 1 1 1 1 1
 1 1 1 1 1 1 1 1 1 1 1 1 1 1 1 1 1 1 1 1 1 1 1 1 1 1 1 1 1 1 1 1 1 1 1 1 1
 1 0 0 0 0 1 1 0 0 0 1 1 1 1 0 0 1 1 1 0 0 0 0 1 1 0 0 0 1 1 1 1 0 0 1 1 1
 0 0 0 0 1 1 0 0 0 1 1 1 1 0 0 1 1 1 0 0 0 0 1 1 0 0 0 1 1 1 1 0 0 1 1 1 0
 0 0 0 1 1 0 0 0 1 1 1 1 0 0 1 1 1 0 0 0 0 1 1 0 0 0 1 1 1 1 0 0 5 0 9 5 0
 9 5 0 9 5 0 9 5 0 9 5 0 9 5 0 9 5 0 9 0]
2021-06-08 21:38:14,974 - DRL.agents.Base_Agent - INFO - Reseting game -- New start state [9 9 9 9 9 9 9 9 9 9 9 9 9 9 9 9 9 9 1 1 1 1 1 1 1 1 1 1 1 1 1 1 1 1 1 1 1
 1 1 1 1 1 1 1 1 1 1 1 1 1 1 1 1 1 1 1 1 1 1 1 1 1 1 1 1 1 1 1 1 1 1 1 1 1
 1 0 0 0 0 1 1 0 0 0 1 1 1 1 0 0 1 1 1 0 0 0 0 1 1 0 0 0 1 1 1 1 0 0 1 1 1
 0 0 0 0 1 1 0 0 0 1 1 1 1 0 0 1 1 1 0 0 0 0 1 1 0 0 0 1 1 1 1 0 0 1 1 1 0
 0 0 0 1 1 0 0 0 1 1 1 1 0 0 1 1 1 0 0 0 0 1 1 0 0 0 1 1 1 1 0 0 5 0 9 5 0
 9 5 0 9 5 0 9 5 0 9 5 0 9 5 0 9 5 0 9 0]
2021-06-08 21:38:14,974 - DRL.agents.Base_Agent - INFO - Reseting game -- New start state [9 9 9 9 9 9 9 9 9 9 9 9 9 9 9 9 9 9 1 1 1 1 1 1 1 1 1 1 1 1 1 1 1 1 1 1 1
 1 1 1 1 1 1 1 1 1 1 1 1 1 1 1 1 1 1 1 1 1 1 1 1 1 1 1 1 1 1 1 1 1 1 1 1 1
 1 0 0 0 0 1 1 0 0 0 1 1 1 1 0 0 1 1 1 0 0 0 0 1 1 0 0 0 1 1 1 1 0 0 1 1 1
 0 0 0 0 1 1 0 0 0 1 1 1 1 0 0 1 1 1 0 0 0 0 1 1 0 0 0 1 1 1 1 0 0 1 1 1 0
 0 0 0 1 1 0 0 0 1 1 1 1 0 0 1 1 1 0 0 0 0 1 1 0 0 0 1 1 1 1 0 0 5 0 9 5 0
 9 5 0 9 5 0 9 5 0 9 5 0 9 5 0 9 5 0 9 0]
2021-06-08 21:38:18,372 - DRL.agents.Base_Agent - INFO - Reseting game -- New start state [9 9 9 9 9 9 9 9 9 9 9 9 9 9 9 9 9 9 1 1 1 1 1 1 1 1 1 1 1 1 1 1 1 1 1 1 1
 1 1 1 1 1 1 1 1 1 1 1 1 1 1 1 1 1 1 1 1 1 1 1 1 1 1 1 1 1 1 1 1 1 1 1 1 1
 1 0 0 0 0 1 1 0 0 0 1 1 1 1 0 0 1 1 1 0 0 0 0 1 1 0 0 0 1 1 1 1 0 0 1 1 1
 0 0 0 0 1 1 0 0 0 1 1 1 1 0 0 1 1 1 0 0 0 0 1 1 0 0 0 1 1 1 1 0 0 1 1 1 0
 0 0 0 1 1 0 0 0 1 1 1 1 0 0 1 1 1 0 0 0 0 1 1 0 0 0 1 1 1 1 0 0 5 0 9 5 0
 9 5 0 9 5 0 9 5 0 9 5 0 9 5 0 9 5 0 9 0]
2021-06-08 21:38:18,372 - DRL.agents.Base_Agent - INFO - Reseting game -- New start state [9 9 9 9 9 9 9 9 9 9 9 9 9 9 9 9 9 9 1 1 1 1 1 1 1 1 1 1 1 1 1 1 1 1 1 1 1
 1 1 1 1 1 1 1 1 1 1 1 1 1 1 1 1 1 1 1 1 1 1 1 1 1 1 1 1 1 1 1 1 1 1 1 1 1
 1 0 0 0 0 1 1 0 0 0 1 1 1 1 0 0 1 1 1 0 0 0 0 1 1 0 0 0 1 1 1 1 0 0 1 1 1
 0 0 0 0 1 1 0 0 0 1 1 1 1 0 0 1 1 1 0 0 0 0 1 1 0 0 0 1 1 1 1 0 0 1 1 1 0
 0 0 0 1 1 0 0 0 1 1 1 1 0 0 1 1 1 0 0 0 0 1 1 0 0 0 1 1 1 1 0 0 5 0 9 5 0
 9 5 0 9 5 0 9 5 0 9 5 0 9 5 0 9 5 0 9 0]
2021-06-08 21:38:21,695 - DRL.agents.Base_Agent - INFO - Reseting game -- New start state [9 9 9 9 9 9 9 9 9 9 9 9 9 9 9 9 9 9 1 1 1 1 1 1 1 1 1 1 1 1 1 1 1 1 1 1 1
 1 1 1 1 1 1 1 1 1 1 1 1 1 1 1 1 1 1 1 1 1 1 1 1 1 1 1 1 1 1 1 1 1 1 1 1 1
 1 0 0 0 0 1 1 0 0 0 1 1 1 1 0 0 1 1 1 0 0 0 0 1 1 0 0 0 1 1 1 1 0 0 1 1 1
 0 0 0 0 1 1 0 0 0 1 1 1 1 0 0 1 1 1 0 0 0 0 1 1 0 0 0 1 1 1 1 0 0 1 1 1 0
 0 0 0 1 1 0 0 0 1 1 1 1 0 0 1 1 1 0 0 0 0 1 1 0 0 0 1 1 1 1 0 0 5 0 9 5 0
 9 5 0 9 5 0 9 5 0 9 5 0 9 5 0 9 5 0 9 0]
2021-06-08 21:38:21,695 - DRL.agents.Base_Agent - INFO - Reseting game -- New start state [9 9 9 9 9 9 9 9 9 9 9 9 9 9 9 9 9 9 1 1 1 1 1 1 1 1 1 1 1 1 1 1 1 1 1 1 1
 1 1 1 1 1 1 1 1 1 1 1 1 1 1 1 1 1 1 1 1 1 1 1 1 1 1 1 1 1 1 1 1 1 1 1 1 1
 1 0 0 0 0 1 1 0 0 0 1 1 1 1 0 0 1 1 1 0 0 0 0 1 1 0 0 0 1 1 1 1 0 0 1 1 1
 0 0 0 0 1 1 0 0 0 1 1 1 1 0 0 1 1 1 0 0 0 0 1 1 0 0 0 1 1 1 1 0 0 1 1 1 0
 0 0 0 1 1 0 0 0 1 1 1 1 0 0 1 1 1 0 0 0 0 1 1 0 0 0 1 1 1 1 0 0 5 0 9 5 0
 9 5 0 9 5 0 9 5 0 9 5 0 9 5 0 9 5 0 9 0]
2021-06-08 21:38:25,068 - DRL.agents.Base_Agent - INFO - Reseting game -- New start state [9 9 9 9 9 9 9 9 9 9 9 9 9 9 9 9 9 9 1 1 1 1 1 1 1 1 1 1 1 1 1 1 1 1 1 1 1
 1 1 1 1 1 1 1 1 1 1 1 1 1 1 1 1 1 1 1 1 1 1 1 1 1 1 1 1 1 1 1 1 1 1 1 1 1
 1 0 0 0 0 1 1 0 0 0 1 1 1 1 0 0 1 1 1 0 0 0 0 1 1 0 0 0 1 1 1 1 0 0 1 1 1
 0 0 0 0 1 1 0 0 0 1 1 1 1 0 0 1 1 1 0 0 0 0 1 1 0 0 0 1 1 1 1 0 0 1 1 1 0
 0 0 0 1 1 0 0 0 1 1 1 1 0 0 1 1 1 0 0 0 0 1 1 0 0 0 1 1 1 1 0 0 5 0 9 5 0
 9 5 0 9 5 0 9 5 0 9 5 0 9 5 0 9 5 0 9 0]
2021-06-08 21:38:25,068 - DRL.agents.Base_Agent - INFO - Reseting game -- New start state [9 9 9 9 9 9 9 9 9 9 9 9 9 9 9 9 9 9 1 1 1 1 1 1 1 1 1 1 1 1 1 1 1 1 1 1 1
 1 1 1 1 1 1 1 1 1 1 1 1 1 1 1 1 1 1 1 1 1 1 1 1 1 1 1 1 1 1 1 1 1 1 1 1 1
 1 0 0 0 0 1 1 0 0 0 1 1 1 1 0 0 1 1 1 0 0 0 0 1 1 0 0 0 1 1 1 1 0 0 1 1 1
 0 0 0 0 1 1 0 0 0 1 1 1 1 0 0 1 1 1 0 0 0 0 1 1 0 0 0 1 1 1 1 0 0 1 1 1 0
 0 0 0 1 1 0 0 0 1 1 1 1 0 0 1 1 1 0 0 0 0 1 1 0 0 0 1 1 1 1 0 0 5 0 9 5 0
 9 5 0 9 5 0 9 5 0 9 5 0 9 5 0 9 5 0 9 0]
2021-06-08 21:38:28,512 - DRL.agents.Base_Agent - INFO - Reseting game -- New start state [9 9 9 9 9 9 9 9 9 9 9 9 9 9 9 9 9 9 1 1 1 1 1 1 1 1 1 1 1 1 1 1 1 1 1 1 1
 1 1 1 1 1 1 1 1 1 1 1 1 1 1 1 1 1 1 1 1 1 1 1 1 1 1 1 1 1 1 1 1 1 1 1 1 1
 1 0 0 0 0 1 1 0 0 0 1 1 1 1 0 0 1 1 1 0 0 0 0 1 1 0 0 0 1 1 1 1 0 0 1 1 1
 0 0 0 0 1 1 0 0 0 1 1 1 1 0 0 1 1 1 0 0 0 0 1 1 0 0 0 1 1 1 1 0 0 1 1 1 0
 0 0 0 1 1 0 0 0 1 1 1 1 0 0 1 1 1 0 0 0 0 1 1 0 0 0 1 1 1 1 0 0 5 0 9 5 0
 9 5 0 9 5 0 9 5 0 9 5 0 9 5 0 9 5 0 9 0]
2021-06-08 21:38:28,512 - DRL.agents.Base_Agent - INFO - Reseting game -- New start state [9 9 9 9 9 9 9 9 9 9 9 9 9 9 9 9 9 9 1 1 1 1 1 1 1 1 1 1 1 1 1 1 1 1 1 1 1
 1 1 1 1 1 1 1 1 1 1 1 1 1 1 1 1 1 1 1 1 1 1 1 1 1 1 1 1 1 1 1 1 1 1 1 1 1
 1 0 0 0 0 1 1 0 0 0 1 1 1 1 0 0 1 1 1 0 0 0 0 1 1 0 0 0 1 1 1 1 0 0 1 1 1
 0 0 0 0 1 1 0 0 0 1 1 1 1 0 0 1 1 1 0 0 0 0 1 1 0 0 0 1 1 1 1 0 0 1 1 1 0
 0 0 0 1 1 0 0 0 1 1 1 1 0 0 1 1 1 0 0 0 0 1 1 0 0 0 1 1 1 1 0 0 5 0 9 5 0
 9 5 0 9 5 0 9 5 0 9 5 0 9 5 0 9 5 0 9 0]
2021-06-08 21:38:31,946 - DRL.agents.Base_Agent - INFO - Reseting game -- New start state [9 9 9 9 9 9 9 9 9 9 9 9 9 9 9 9 9 9 1 1 1 1 1 1 1 1 1 1 1 1 1 1 1 1 1 1 1
 1 1 1 1 1 1 1 1 1 1 1 1 1 1 1 1 1 1 1 1 1 1 1 1 1 1 1 1 1 1 1 1 1 1 1 1 1
 1 0 0 0 0 1 1 0 0 0 1 1 1 1 0 0 1 1 1 0 0 0 0 1 1 0 0 0 1 1 1 1 0 0 1 1 1
 0 0 0 0 1 1 0 0 0 1 1 1 1 0 0 1 1 1 0 0 0 0 1 1 0 0 0 1 1 1 1 0 0 1 1 1 0
 0 0 0 1 1 0 0 0 1 1 1 1 0 0 1 1 1 0 0 0 0 1 1 0 0 0 1 1 1 1 0 0 5 0 9 5 0
 9 5 0 9 5 0 9 5 0 9 5 0 9 5 0 9 5 0 9 0]
2021-06-08 21:38:31,946 - DRL.agents.Base_Agent - INFO - Reseting game -- New start state [9 9 9 9 9 9 9 9 9 9 9 9 9 9 9 9 9 9 1 1 1 1 1 1 1 1 1 1 1 1 1 1 1 1 1 1 1
 1 1 1 1 1 1 1 1 1 1 1 1 1 1 1 1 1 1 1 1 1 1 1 1 1 1 1 1 1 1 1 1 1 1 1 1 1
 1 0 0 0 0 1 1 0 0 0 1 1 1 1 0 0 1 1 1 0 0 0 0 1 1 0 0 0 1 1 1 1 0 0 1 1 1
 0 0 0 0 1 1 0 0 0 1 1 1 1 0 0 1 1 1 0 0 0 0 1 1 0 0 0 1 1 1 1 0 0 1 1 1 0
 0 0 0 1 1 0 0 0 1 1 1 1 0 0 1 1 1 0 0 0 0 1 1 0 0 0 1 1 1 1 0 0 5 0 9 5 0
 9 5 0 9 5 0 9 5 0 9 5 0 9 5 0 9 5 0 9 0]
2021-06-08 21:38:35,529 - DRL.agents.Base_Agent - INFO - Reseting game -- New start state [9 9 9 9 9 9 9 9 9 9 9 9 9 9 9 9 9 9 1 1 1 1 1 1 1 1 1 1 1 1 1 1 1 1 1 1 1
 1 1 1 1 1 1 1 1 1 1 1 1 1 1 1 1 1 1 1 1 1 1 1 1 1 1 1 1 1 1 1 1 1 1 1 1 1
 1 0 0 0 0 1 1 0 0 0 1 1 1 1 0 0 1 1 1 0 0 0 0 1 1 0 0 0 1 1 1 1 0 0 1 1 1
 0 0 0 0 1 1 0 0 0 1 1 1 1 0 0 1 1 1 0 0 0 0 1 1 0 0 0 1 1 1 1 0 0 1 1 1 0
 0 0 0 1 1 0 0 0 1 1 1 1 0 0 1 1 1 0 0 0 0 1 1 0 0 0 1 1 1 1 0 0 5 0 9 5 0
 9 5 0 9 5 0 9 5 0 9 5 0 9 5 0 9 5 0 9 0]
2021-06-08 21:38:35,529 - DRL.agents.Base_Agent - INFO - Reseting game -- New start state [9 9 9 9 9 9 9 9 9 9 9 9 9 9 9 9 9 9 1 1 1 1 1 1 1 1 1 1 1 1 1 1 1 1 1 1 1
 1 1 1 1 1 1 1 1 1 1 1 1 1 1 1 1 1 1 1 1 1 1 1 1 1 1 1 1 1 1 1 1 1 1 1 1 1
 1 0 0 0 0 1 1 0 0 0 1 1 1 1 0 0 1 1 1 0 0 0 0 1 1 0 0 0 1 1 1 1 0 0 1 1 1
 0 0 0 0 1 1 0 0 0 1 1 1 1 0 0 1 1 1 0 0 0 0 1 1 0 0 0 1 1 1 1 0 0 1 1 1 0
 0 0 0 1 1 0 0 0 1 1 1 1 0 0 1 1 1 0 0 0 0 1 1 0 0 0 1 1 1 1 0 0 5 0 9 5 0
 9 5 0 9 5 0 9 5 0 9 5 0 9 5 0 9 5 0 9 0]
2021-06-08 21:38:39,645 - DRL.agents.Base_Agent - INFO - Reseting game -- New start state [9 9 9 9 9 9 9 9 9 9 9 9 9 9 9 9 9 9 1 1 1 1 1 1 1 1 1 1 1 1 1 1 1 1 1 1 1
 1 1 1 1 1 1 1 1 1 1 1 1 1 1 1 1 1 1 1 1 1 1 1 1 1 1 1 1 1 1 1 1 1 1 1 1 1
 1 0 0 0 0 1 1 0 0 0 1 1 1 1 0 0 1 1 1 0 0 0 0 1 1 0 0 0 1 1 1 1 0 0 1 1 1
 0 0 0 0 1 1 0 0 0 1 1 1 1 0 0 1 1 1 0 0 0 0 1 1 0 0 0 1 1 1 1 0 0 1 1 1 0
 0 0 0 1 1 0 0 0 1 1 1 1 0 0 1 1 1 0 0 0 0 1 1 0 0 0 1 1 1 1 0 0 5 0 9 5 0
 9 5 0 9 5 0 9 5 0 9 5 0 9 5 0 9 5 0 9 0]
2021-06-08 21:38:39,645 - DRL.agents.Base_Agent - INFO - Reseting game -- New start state [9 9 9 9 9 9 9 9 9 9 9 9 9 9 9 9 9 9 1 1 1 1 1 1 1 1 1 1 1 1 1 1 1 1 1 1 1
 1 1 1 1 1 1 1 1 1 1 1 1 1 1 1 1 1 1 1 1 1 1 1 1 1 1 1 1 1 1 1 1 1 1 1 1 1
 1 0 0 0 0 1 1 0 0 0 1 1 1 1 0 0 1 1 1 0 0 0 0 1 1 0 0 0 1 1 1 1 0 0 1 1 1
 0 0 0 0 1 1 0 0 0 1 1 1 1 0 0 1 1 1 0 0 0 0 1 1 0 0 0 1 1 1 1 0 0 1 1 1 0
 0 0 0 1 1 0 0 0 1 1 1 1 0 0 1 1 1 0 0 0 0 1 1 0 0 0 1 1 1 1 0 0 5 0 9 5 0
 9 5 0 9 5 0 9 5 0 9 5 0 9 5 0 9 5 0 9 0]
2021-06-08 21:38:43,575 - DRL.agents.Base_Agent - INFO - Reseting game -- New start state [9 9 9 9 9 9 9 9 9 9 9 9 9 9 9 9 9 9 1 1 1 1 1 1 1 1 1 1 1 1 1 1 1 1 1 1 1
 1 1 1 1 1 1 1 1 1 1 1 1 1 1 1 1 1 1 1 1 1 1 1 1 1 1 1 1 1 1 1 1 1 1 1 1 1
 1 0 0 0 0 1 1 0 0 0 1 1 1 1 0 0 1 1 1 0 0 0 0 1 1 0 0 0 1 1 1 1 0 0 1 1 1
 0 0 0 0 1 1 0 0 0 1 1 1 1 0 0 1 1 1 0 0 0 0 1 1 0 0 0 1 1 1 1 0 0 1 1 1 0
 0 0 0 1 1 0 0 0 1 1 1 1 0 0 1 1 1 0 0 0 0 1 1 0 0 0 1 1 1 1 0 0 5 0 9 5 0
 9 5 0 9 5 0 9 5 0 9 5 0 9 5 0 9 5 0 9 0]
2021-06-08 21:38:43,575 - DRL.agents.Base_Agent - INFO - Reseting game -- New start state [9 9 9 9 9 9 9 9 9 9 9 9 9 9 9 9 9 9 1 1 1 1 1 1 1 1 1 1 1 1 1 1 1 1 1 1 1
 1 1 1 1 1 1 1 1 1 1 1 1 1 1 1 1 1 1 1 1 1 1 1 1 1 1 1 1 1 1 1 1 1 1 1 1 1
 1 0 0 0 0 1 1 0 0 0 1 1 1 1 0 0 1 1 1 0 0 0 0 1 1 0 0 0 1 1 1 1 0 0 1 1 1
 0 0 0 0 1 1 0 0 0 1 1 1 1 0 0 1 1 1 0 0 0 0 1 1 0 0 0 1 1 1 1 0 0 1 1 1 0
 0 0 0 1 1 0 0 0 1 1 1 1 0 0 1 1 1 0 0 0 0 1 1 0 0 0 1 1 1 1 0 0 5 0 9 5 0
 9 5 0 9 5 0 9 5 0 9 5 0 9 5 0 9 5 0 9 0]
2021-06-08 21:38:47,235 - DRL.agents.Base_Agent - INFO - 0 -- Boat Schedule
2021-06-08 21:38:47,235 - DRL.agents.Base_Agent - INFO - 0 -- Boat Schedule
2021-06-08 21:38:47,235 - DRL.agents.Base_Agent - INFO - 0 -- Boat Schedule
2021-06-08 21:38:47,235 - DRL.agents.Base_Agent - INFO - 1 -- DISCRETE
2021-06-08 21:38:47,235 - DRL.agents.Base_Agent - INFO - 1 -- DISCRETE
2021-06-08 21:38:47,235 - DRL.agents.Base_Agent - INFO - 1 -- DISCRETE
2021-06-08 21:38:47,235 - DRL.agents.Base_Agent - INFO - 2 -- 18
2021-06-08 21:38:47,235 - DRL.agents.Base_Agent - INFO - 2 -- 18
2021-06-08 21:38:47,235 - DRL.agents.Base_Agent - INFO - 2 -- 18
2021-06-08 21:38:47,236 - DRL.agents.Base_Agent - INFO - 3 -- None
2021-06-08 21:38:47,236 - DRL.agents.Base_Agent - INFO - 3 -- None
2021-06-08 21:38:47,236 - DRL.agents.Base_Agent - INFO - 3 -- None
2021-06-08 21:38:47,236 - DRL.agents.Base_Agent - INFO - 4 -- 205
2021-06-08 21:38:47,236 - DRL.agents.Base_Agent - INFO - 4 -- 205
2021-06-08 21:38:47,236 - DRL.agents.Base_Agent - INFO - 4 -- 205
2021-06-08 21:38:47,236 - DRL.agents.Base_Agent - INFO - 5 -- {'learning_rate': 0.05, 'linear_hidden_units': [20, 20], 'final_layer_activation': 'SOFTMAX', 'learning_iterations_per_round': 5, 'discount_rate': 0.99, 'batch_norm': False, 'clip_epsilon': 0.1, 'episodes_per_learning_round': 10, 'normalise_rewards': True, 'gradient_clipping_norm': 7.0, 'mu': 0.0, 'theta': 0.0, 'sigma': 0.0, 'epsilon_decay_rate_denominator': 1.0, 'clip_rewards': False}
2021-06-08 21:38:47,236 - DRL.agents.Base_Agent - INFO - 5 -- {'learning_rate': 0.05, 'linear_hidden_units': [20, 20], 'final_layer_activation': 'SOFTMAX', 'learning_iterations_per_round': 5, 'discount_rate': 0.99, 'batch_norm': False, 'clip_epsilon': 0.1, 'episodes_per_learning_round': 10, 'normalise_rewards': True, 'gradient_clipping_norm': 7.0, 'mu': 0.0, 'theta': 0.0, 'sigma': 0.0, 'epsilon_decay_rate_denominator': 1.0, 'clip_rewards': False}
2021-06-08 21:38:47,236 - DRL.agents.Base_Agent - INFO - 5 -- {'learning_rate': 0.05, 'linear_hidden_units': [20, 20], 'final_layer_activation': 'SOFTMAX', 'learning_iterations_per_round': 5, 'discount_rate': 0.99, 'batch_norm': False, 'clip_epsilon': 0.1, 'episodes_per_learning_round': 10, 'normalise_rewards': True, 'gradient_clipping_norm': 7.0, 'mu': 0.0, 'theta': 0.0, 'sigma': 0.0, 'epsilon_decay_rate_denominator': 1.0, 'clip_rewards': False}
2021-06-08 21:38:47,236 - DRL.agents.Base_Agent - INFO - 6 -- -1000
2021-06-08 21:38:47,236 - DRL.agents.Base_Agent - INFO - 6 -- -1000
2021-06-08 21:38:47,236 - DRL.agents.Base_Agent - INFO - 6 -- -1000
2021-06-08 21:38:47,236 - DRL.agents.Base_Agent - INFO - 7 -- 50
2021-06-08 21:38:47,236 - DRL.agents.Base_Agent - INFO - 7 -- 50
2021-06-08 21:38:47,236 - DRL.agents.Base_Agent - INFO - 7 -- 50
2021-06-08 21:38:47,237 - DRL.agents.Base_Agent - INFO - 8 -- cpu
2021-06-08 21:38:47,237 - DRL.agents.Base_Agent - INFO - 8 -- cpu
2021-06-08 21:38:47,237 - DRL.agents.Base_Agent - INFO - 8 -- cpu
2021-06-08 21:38:47,246 - DRL.agents.Base_Agent - INFO - Reseting game -- New start state [9 9 9 9 9 9 9 9 9 9 9 9 9 9 9 9 9 9 1 1 1 1 1 1 1 1 1 1 1 1 1 1 1 1 1 1 1
 1 1 1 1 1 1 1 1 1 1 1 1 1 1 1 1 1 1 1 1 1 1 1 1 1 1 1 1 1 1 1 1 1 1 1 1 1
 1 0 0 0 0 1 1 0 0 0 1 1 1 1 0 0 1 1 1 0 0 0 0 1 1 0 0 0 1 1 1 1 0 0 1 1 1
 0 0 0 0 1 1 0 0 0 1 1 1 1 0 0 1 1 1 0 0 0 0 1 1 0 0 0 1 1 1 1 0 0 1 1 1 0
 0 0 0 1 1 0 0 0 1 1 1 1 0 0 1 1 1 0 0 0 0 1 1 0 0 0 1 1 1 1 0 0 5 0 9 5 0
 9 5 0 9 5 0 9 5 0 9 5 0 9 5 0 9 5 0 9 0]
2021-06-08 21:38:47,246 - DRL.agents.Base_Agent - INFO - Reseting game -- New start state [9 9 9 9 9 9 9 9 9 9 9 9 9 9 9 9 9 9 1 1 1 1 1 1 1 1 1 1 1 1 1 1 1 1 1 1 1
 1 1 1 1 1 1 1 1 1 1 1 1 1 1 1 1 1 1 1 1 1 1 1 1 1 1 1 1 1 1 1 1 1 1 1 1 1
 1 0 0 0 0 1 1 0 0 0 1 1 1 1 0 0 1 1 1 0 0 0 0 1 1 0 0 0 1 1 1 1 0 0 1 1 1
 0 0 0 0 1 1 0 0 0 1 1 1 1 0 0 1 1 1 0 0 0 0 1 1 0 0 0 1 1 1 1 0 0 1 1 1 0
 0 0 0 1 1 0 0 0 1 1 1 1 0 0 1 1 1 0 0 0 0 1 1 0 0 0 1 1 1 1 0 0 5 0 9 5 0
 9 5 0 9 5 0 9 5 0 9 5 0 9 5 0 9 5 0 9 0]
2021-06-08 21:38:47,246 - DRL.agents.Base_Agent - INFO - Reseting game -- New start state [9 9 9 9 9 9 9 9 9 9 9 9 9 9 9 9 9 9 1 1 1 1 1 1 1 1 1 1 1 1 1 1 1 1 1 1 1
 1 1 1 1 1 1 1 1 1 1 1 1 1 1 1 1 1 1 1 1 1 1 1 1 1 1 1 1 1 1 1 1 1 1 1 1 1
 1 0 0 0 0 1 1 0 0 0 1 1 1 1 0 0 1 1 1 0 0 0 0 1 1 0 0 0 1 1 1 1 0 0 1 1 1
 0 0 0 0 1 1 0 0 0 1 1 1 1 0 0 1 1 1 0 0 0 0 1 1 0 0 0 1 1 1 1 0 0 1 1 1 0
 0 0 0 1 1 0 0 0 1 1 1 1 0 0 1 1 1 0 0 0 0 1 1 0 0 0 1 1 1 1 0 0 5 0 9 5 0
 9 5 0 9 5 0 9 5 0 9 5 0 9 5 0 9 5 0 9 0]
2021-06-08 21:38:50,466 - DRL.agents.Base_Agent - INFO - Reseting game -- New start state [9 9 9 9 9 9 9 9 9 9 9 9 9 9 9 9 9 9 1 1 1 1 1 1 1 1 1 1 1 1 1 1 1 1 1 1 1
 1 1 1 1 1 1 1 1 1 1 1 1 1 1 1 1 1 1 1 1 1 1 1 1 1 1 1 1 1 1 1 1 1 1 1 1 1
 1 0 0 0 0 1 1 0 0 0 1 1 1 1 0 0 1 1 1 0 0 0 0 1 1 0 0 0 1 1 1 1 0 0 1 1 1
 0 0 0 0 1 1 0 0 0 1 1 1 1 0 0 1 1 1 0 0 0 0 1 1 0 0 0 1 1 1 1 0 0 1 1 1 0
 0 0 0 1 1 0 0 0 1 1 1 1 0 0 1 1 1 0 0 0 0 1 1 0 0 0 1 1 1 1 0 0 5 0 9 5 0
 9 5 0 9 5 0 9 5 0 9 5 0 9 5 0 9 5 0 9 0]
2021-06-08 21:38:50,466 - DRL.agents.Base_Agent - INFO - Reseting game -- New start state [9 9 9 9 9 9 9 9 9 9 9 9 9 9 9 9 9 9 1 1 1 1 1 1 1 1 1 1 1 1 1 1 1 1 1 1 1
 1 1 1 1 1 1 1 1 1 1 1 1 1 1 1 1 1 1 1 1 1 1 1 1 1 1 1 1 1 1 1 1 1 1 1 1 1
 1 0 0 0 0 1 1 0 0 0 1 1 1 1 0 0 1 1 1 0 0 0 0 1 1 0 0 0 1 1 1 1 0 0 1 1 1
 0 0 0 0 1 1 0 0 0 1 1 1 1 0 0 1 1 1 0 0 0 0 1 1 0 0 0 1 1 1 1 0 0 1 1 1 0
 0 0 0 1 1 0 0 0 1 1 1 1 0 0 1 1 1 0 0 0 0 1 1 0 0 0 1 1 1 1 0 0 5 0 9 5 0
 9 5 0 9 5 0 9 5 0 9 5 0 9 5 0 9 5 0 9 0]
2021-06-08 21:38:50,466 - DRL.agents.Base_Agent - INFO - Reseting game -- New start state [9 9 9 9 9 9 9 9 9 9 9 9 9 9 9 9 9 9 1 1 1 1 1 1 1 1 1 1 1 1 1 1 1 1 1 1 1
 1 1 1 1 1 1 1 1 1 1 1 1 1 1 1 1 1 1 1 1 1 1 1 1 1 1 1 1 1 1 1 1 1 1 1 1 1
 1 0 0 0 0 1 1 0 0 0 1 1 1 1 0 0 1 1 1 0 0 0 0 1 1 0 0 0 1 1 1 1 0 0 1 1 1
 0 0 0 0 1 1 0 0 0 1 1 1 1 0 0 1 1 1 0 0 0 0 1 1 0 0 0 1 1 1 1 0 0 1 1 1 0
 0 0 0 1 1 0 0 0 1 1 1 1 0 0 1 1 1 0 0 0 0 1 1 0 0 0 1 1 1 1 0 0 5 0 9 5 0
 9 5 0 9 5 0 9 5 0 9 5 0 9 5 0 9 5 0 9 0]
2021-06-08 21:38:54,028 - DRL.agents.Base_Agent - INFO - Reseting game -- New start state [9 9 9 9 9 9 9 9 9 9 9 9 9 9 9 9 9 9 1 1 1 1 1 1 1 1 1 1 1 1 1 1 1 1 1 1 1
 1 1 1 1 1 1 1 1 1 1 1 1 1 1 1 1 1 1 1 1 1 1 1 1 1 1 1 1 1 1 1 1 1 1 1 1 1
 1 0 0 0 0 1 1 0 0 0 1 1 1 1 0 0 1 1 1 0 0 0 0 1 1 0 0 0 1 1 1 1 0 0 1 1 1
 0 0 0 0 1 1 0 0 0 1 1 1 1 0 0 1 1 1 0 0 0 0 1 1 0 0 0 1 1 1 1 0 0 1 1 1 0
 0 0 0 1 1 0 0 0 1 1 1 1 0 0 1 1 1 0 0 0 0 1 1 0 0 0 1 1 1 1 0 0 5 0 9 5 0
 9 5 0 9 5 0 9 5 0 9 5 0 9 5 0 9 5 0 9 0]
2021-06-08 21:38:54,028 - DRL.agents.Base_Agent - INFO - Reseting game -- New start state [9 9 9 9 9 9 9 9 9 9 9 9 9 9 9 9 9 9 1 1 1 1 1 1 1 1 1 1 1 1 1 1 1 1 1 1 1
 1 1 1 1 1 1 1 1 1 1 1 1 1 1 1 1 1 1 1 1 1 1 1 1 1 1 1 1 1 1 1 1 1 1 1 1 1
 1 0 0 0 0 1 1 0 0 0 1 1 1 1 0 0 1 1 1 0 0 0 0 1 1 0 0 0 1 1 1 1 0 0 1 1 1
 0 0 0 0 1 1 0 0 0 1 1 1 1 0 0 1 1 1 0 0 0 0 1 1 0 0 0 1 1 1 1 0 0 1 1 1 0
 0 0 0 1 1 0 0 0 1 1 1 1 0 0 1 1 1 0 0 0 0 1 1 0 0 0 1 1 1 1 0 0 5 0 9 5 0
 9 5 0 9 5 0 9 5 0 9 5 0 9 5 0 9 5 0 9 0]
2021-06-08 21:38:54,028 - DRL.agents.Base_Agent - INFO - Reseting game -- New start state [9 9 9 9 9 9 9 9 9 9 9 9 9 9 9 9 9 9 1 1 1 1 1 1 1 1 1 1 1 1 1 1 1 1 1 1 1
 1 1 1 1 1 1 1 1 1 1 1 1 1 1 1 1 1 1 1 1 1 1 1 1 1 1 1 1 1 1 1 1 1 1 1 1 1
 1 0 0 0 0 1 1 0 0 0 1 1 1 1 0 0 1 1 1 0 0 0 0 1 1 0 0 0 1 1 1 1 0 0 1 1 1
 0 0 0 0 1 1 0 0 0 1 1 1 1 0 0 1 1 1 0 0 0 0 1 1 0 0 0 1 1 1 1 0 0 1 1 1 0
 0 0 0 1 1 0 0 0 1 1 1 1 0 0 1 1 1 0 0 0 0 1 1 0 0 0 1 1 1 1 0 0 5 0 9 5 0
 9 5 0 9 5 0 9 5 0 9 5 0 9 5 0 9 5 0 9 0]
2021-06-08 21:38:57,856 - DRL.agents.Base_Agent - INFO - Reseting game -- New start state [9 9 9 9 9 9 9 9 9 9 9 9 9 9 9 9 9 9 1 1 1 1 1 1 1 1 1 1 1 1 1 1 1 1 1 1 1
 1 1 1 1 1 1 1 1 1 1 1 1 1 1 1 1 1 1 1 1 1 1 1 1 1 1 1 1 1 1 1 1 1 1 1 1 1
 1 0 0 0 0 1 1 0 0 0 1 1 1 1 0 0 1 1 1 0 0 0 0 1 1 0 0 0 1 1 1 1 0 0 1 1 1
 0 0 0 0 1 1 0 0 0 1 1 1 1 0 0 1 1 1 0 0 0 0 1 1 0 0 0 1 1 1 1 0 0 1 1 1 0
 0 0 0 1 1 0 0 0 1 1 1 1 0 0 1 1 1 0 0 0 0 1 1 0 0 0 1 1 1 1 0 0 5 0 9 5 0
 9 5 0 9 5 0 9 5 0 9 5 0 9 5 0 9 5 0 9 0]
2021-06-08 21:38:57,856 - DRL.agents.Base_Agent - INFO - Reseting game -- New start state [9 9 9 9 9 9 9 9 9 9 9 9 9 9 9 9 9 9 1 1 1 1 1 1 1 1 1 1 1 1 1 1 1 1 1 1 1
 1 1 1 1 1 1 1 1 1 1 1 1 1 1 1 1 1 1 1 1 1 1 1 1 1 1 1 1 1 1 1 1 1 1 1 1 1
 1 0 0 0 0 1 1 0 0 0 1 1 1 1 0 0 1 1 1 0 0 0 0 1 1 0 0 0 1 1 1 1 0 0 1 1 1
 0 0 0 0 1 1 0 0 0 1 1 1 1 0 0 1 1 1 0 0 0 0 1 1 0 0 0 1 1 1 1 0 0 1 1 1 0
 0 0 0 1 1 0 0 0 1 1 1 1 0 0 1 1 1 0 0 0 0 1 1 0 0 0 1 1 1 1 0 0 5 0 9 5 0
 9 5 0 9 5 0 9 5 0 9 5 0 9 5 0 9 5 0 9 0]
2021-06-08 21:38:57,856 - DRL.agents.Base_Agent - INFO - Reseting game -- New start state [9 9 9 9 9 9 9 9 9 9 9 9 9 9 9 9 9 9 1 1 1 1 1 1 1 1 1 1 1 1 1 1 1 1 1 1 1
 1 1 1 1 1 1 1 1 1 1 1 1 1 1 1 1 1 1 1 1 1 1 1 1 1 1 1 1 1 1 1 1 1 1 1 1 1
 1 0 0 0 0 1 1 0 0 0 1 1 1 1 0 0 1 1 1 0 0 0 0 1 1 0 0 0 1 1 1 1 0 0 1 1 1
 0 0 0 0 1 1 0 0 0 1 1 1 1 0 0 1 1 1 0 0 0 0 1 1 0 0 0 1 1 1 1 0 0 1 1 1 0
 0 0 0 1 1 0 0 0 1 1 1 1 0 0 1 1 1 0 0 0 0 1 1 0 0 0 1 1 1 1 0 0 5 0 9 5 0
 9 5 0 9 5 0 9 5 0 9 5 0 9 5 0 9 5 0 9 0]
2021-06-08 21:39:01,238 - DRL.agents.Base_Agent - INFO - Reseting game -- New start state [9 9 9 9 9 9 9 9 9 9 9 9 9 9 9 9 9 9 1 1 1 1 1 1 1 1 1 1 1 1 1 1 1 1 1 1 1
 1 1 1 1 1 1 1 1 1 1 1 1 1 1 1 1 1 1 1 1 1 1 1 1 1 1 1 1 1 1 1 1 1 1 1 1 1
 1 0 0 0 0 1 1 0 0 0 1 1 1 1 0 0 1 1 1 0 0 0 0 1 1 0 0 0 1 1 1 1 0 0 1 1 1
 0 0 0 0 1 1 0 0 0 1 1 1 1 0 0 1 1 1 0 0 0 0 1 1 0 0 0 1 1 1 1 0 0 1 1 1 0
 0 0 0 1 1 0 0 0 1 1 1 1 0 0 1 1 1 0 0 0 0 1 1 0 0 0 1 1 1 1 0 0 5 0 9 5 0
 9 5 0 9 5 0 9 5 0 9 5 0 9 5 0 9 5 0 9 0]
2021-06-08 21:39:01,238 - DRL.agents.Base_Agent - INFO - Reseting game -- New start state [9 9 9 9 9 9 9 9 9 9 9 9 9 9 9 9 9 9 1 1 1 1 1 1 1 1 1 1 1 1 1 1 1 1 1 1 1
 1 1 1 1 1 1 1 1 1 1 1 1 1 1 1 1 1 1 1 1 1 1 1 1 1 1 1 1 1 1 1 1 1 1 1 1 1
 1 0 0 0 0 1 1 0 0 0 1 1 1 1 0 0 1 1 1 0 0 0 0 1 1 0 0 0 1 1 1 1 0 0 1 1 1
 0 0 0 0 1 1 0 0 0 1 1 1 1 0 0 1 1 1 0 0 0 0 1 1 0 0 0 1 1 1 1 0 0 1 1 1 0
 0 0 0 1 1 0 0 0 1 1 1 1 0 0 1 1 1 0 0 0 0 1 1 0 0 0 1 1 1 1 0 0 5 0 9 5 0
 9 5 0 9 5 0 9 5 0 9 5 0 9 5 0 9 5 0 9 0]
2021-06-08 21:39:01,238 - DRL.agents.Base_Agent - INFO - Reseting game -- New start state [9 9 9 9 9 9 9 9 9 9 9 9 9 9 9 9 9 9 1 1 1 1 1 1 1 1 1 1 1 1 1 1 1 1 1 1 1
 1 1 1 1 1 1 1 1 1 1 1 1 1 1 1 1 1 1 1 1 1 1 1 1 1 1 1 1 1 1 1 1 1 1 1 1 1
 1 0 0 0 0 1 1 0 0 0 1 1 1 1 0 0 1 1 1 0 0 0 0 1 1 0 0 0 1 1 1 1 0 0 1 1 1
 0 0 0 0 1 1 0 0 0 1 1 1 1 0 0 1 1 1 0 0 0 0 1 1 0 0 0 1 1 1 1 0 0 1 1 1 0
 0 0 0 1 1 0 0 0 1 1 1 1 0 0 1 1 1 0 0 0 0 1 1 0 0 0 1 1 1 1 0 0 5 0 9 5 0
 9 5 0 9 5 0 9 5 0 9 5 0 9 5 0 9 5 0 9 0]
2021-06-08 21:39:04,691 - DRL.agents.Base_Agent - INFO - Reseting game -- New start state [9 9 9 9 9 9 9 9 9 9 9 9 9 9 9 9 9 9 1 1 1 1 1 1 1 1 1 1 1 1 1 1 1 1 1 1 1
 1 1 1 1 1 1 1 1 1 1 1 1 1 1 1 1 1 1 1 1 1 1 1 1 1 1 1 1 1 1 1 1 1 1 1 1 1
 1 0 0 0 0 1 1 0 0 0 1 1 1 1 0 0 1 1 1 0 0 0 0 1 1 0 0 0 1 1 1 1 0 0 1 1 1
 0 0 0 0 1 1 0 0 0 1 1 1 1 0 0 1 1 1 0 0 0 0 1 1 0 0 0 1 1 1 1 0 0 1 1 1 0
 0 0 0 1 1 0 0 0 1 1 1 1 0 0 1 1 1 0 0 0 0 1 1 0 0 0 1 1 1 1 0 0 5 0 9 5 0
 9 5 0 9 5 0 9 5 0 9 5 0 9 5 0 9 5 0 9 0]
2021-06-08 21:39:04,691 - DRL.agents.Base_Agent - INFO - Reseting game -- New start state [9 9 9 9 9 9 9 9 9 9 9 9 9 9 9 9 9 9 1 1 1 1 1 1 1 1 1 1 1 1 1 1 1 1 1 1 1
 1 1 1 1 1 1 1 1 1 1 1 1 1 1 1 1 1 1 1 1 1 1 1 1 1 1 1 1 1 1 1 1 1 1 1 1 1
 1 0 0 0 0 1 1 0 0 0 1 1 1 1 0 0 1 1 1 0 0 0 0 1 1 0 0 0 1 1 1 1 0 0 1 1 1
 0 0 0 0 1 1 0 0 0 1 1 1 1 0 0 1 1 1 0 0 0 0 1 1 0 0 0 1 1 1 1 0 0 1 1 1 0
 0 0 0 1 1 0 0 0 1 1 1 1 0 0 1 1 1 0 0 0 0 1 1 0 0 0 1 1 1 1 0 0 5 0 9 5 0
 9 5 0 9 5 0 9 5 0 9 5 0 9 5 0 9 5 0 9 0]
2021-06-08 21:39:04,691 - DRL.agents.Base_Agent - INFO - Reseting game -- New start state [9 9 9 9 9 9 9 9 9 9 9 9 9 9 9 9 9 9 1 1 1 1 1 1 1 1 1 1 1 1 1 1 1 1 1 1 1
 1 1 1 1 1 1 1 1 1 1 1 1 1 1 1 1 1 1 1 1 1 1 1 1 1 1 1 1 1 1 1 1 1 1 1 1 1
 1 0 0 0 0 1 1 0 0 0 1 1 1 1 0 0 1 1 1 0 0 0 0 1 1 0 0 0 1 1 1 1 0 0 1 1 1
 0 0 0 0 1 1 0 0 0 1 1 1 1 0 0 1 1 1 0 0 0 0 1 1 0 0 0 1 1 1 1 0 0 1 1 1 0
 0 0 0 1 1 0 0 0 1 1 1 1 0 0 1 1 1 0 0 0 0 1 1 0 0 0 1 1 1 1 0 0 5 0 9 5 0
 9 5 0 9 5 0 9 5 0 9 5 0 9 5 0 9 5 0 9 0]
2021-06-08 21:39:08,066 - DRL.agents.Base_Agent - INFO - Reseting game -- New start state [9 9 9 9 9 9 9 9 9 9 9 9 9 9 9 9 9 9 1 1 1 1 1 1 1 1 1 1 1 1 1 1 1 1 1 1 1
 1 1 1 1 1 1 1 1 1 1 1 1 1 1 1 1 1 1 1 1 1 1 1 1 1 1 1 1 1 1 1 1 1 1 1 1 1
 1 0 0 0 0 1 1 0 0 0 1 1 1 1 0 0 1 1 1 0 0 0 0 1 1 0 0 0 1 1 1 1 0 0 1 1 1
 0 0 0 0 1 1 0 0 0 1 1 1 1 0 0 1 1 1 0 0 0 0 1 1 0 0 0 1 1 1 1 0 0 1 1 1 0
 0 0 0 1 1 0 0 0 1 1 1 1 0 0 1 1 1 0 0 0 0 1 1 0 0 0 1 1 1 1 0 0 5 0 9 5 0
 9 5 0 9 5 0 9 5 0 9 5 0 9 5 0 9 5 0 9 0]
2021-06-08 21:39:08,066 - DRL.agents.Base_Agent - INFO - Reseting game -- New start state [9 9 9 9 9 9 9 9 9 9 9 9 9 9 9 9 9 9 1 1 1 1 1 1 1 1 1 1 1 1 1 1 1 1 1 1 1
 1 1 1 1 1 1 1 1 1 1 1 1 1 1 1 1 1 1 1 1 1 1 1 1 1 1 1 1 1 1 1 1 1 1 1 1 1
 1 0 0 0 0 1 1 0 0 0 1 1 1 1 0 0 1 1 1 0 0 0 0 1 1 0 0 0 1 1 1 1 0 0 1 1 1
 0 0 0 0 1 1 0 0 0 1 1 1 1 0 0 1 1 1 0 0 0 0 1 1 0 0 0 1 1 1 1 0 0 1 1 1 0
 0 0 0 1 1 0 0 0 1 1 1 1 0 0 1 1 1 0 0 0 0 1 1 0 0 0 1 1 1 1 0 0 5 0 9 5 0
 9 5 0 9 5 0 9 5 0 9 5 0 9 5 0 9 5 0 9 0]
2021-06-08 21:39:08,066 - DRL.agents.Base_Agent - INFO - Reseting game -- New start state [9 9 9 9 9 9 9 9 9 9 9 9 9 9 9 9 9 9 1 1 1 1 1 1 1 1 1 1 1 1 1 1 1 1 1 1 1
 1 1 1 1 1 1 1 1 1 1 1 1 1 1 1 1 1 1 1 1 1 1 1 1 1 1 1 1 1 1 1 1 1 1 1 1 1
 1 0 0 0 0 1 1 0 0 0 1 1 1 1 0 0 1 1 1 0 0 0 0 1 1 0 0 0 1 1 1 1 0 0 1 1 1
 0 0 0 0 1 1 0 0 0 1 1 1 1 0 0 1 1 1 0 0 0 0 1 1 0 0 0 1 1 1 1 0 0 1 1 1 0
 0 0 0 1 1 0 0 0 1 1 1 1 0 0 1 1 1 0 0 0 0 1 1 0 0 0 1 1 1 1 0 0 5 0 9 5 0
 9 5 0 9 5 0 9 5 0 9 5 0 9 5 0 9 5 0 9 0]
2021-06-08 21:39:11,454 - DRL.agents.Base_Agent - INFO - Reseting game -- New start state [9 9 9 9 9 9 9 9 9 9 9 9 9 9 9 9 9 9 1 1 1 1 1 1 1 1 1 1 1 1 1 1 1 1 1 1 1
 1 1 1 1 1 1 1 1 1 1 1 1 1 1 1 1 1 1 1 1 1 1 1 1 1 1 1 1 1 1 1 1 1 1 1 1 1
 1 0 0 0 0 1 1 0 0 0 1 1 1 1 0 0 1 1 1 0 0 0 0 1 1 0 0 0 1 1 1 1 0 0 1 1 1
 0 0 0 0 1 1 0 0 0 1 1 1 1 0 0 1 1 1 0 0 0 0 1 1 0 0 0 1 1 1 1 0 0 1 1 1 0
 0 0 0 1 1 0 0 0 1 1 1 1 0 0 1 1 1 0 0 0 0 1 1 0 0 0 1 1 1 1 0 0 5 0 9 5 0
 9 5 0 9 5 0 9 5 0 9 5 0 9 5 0 9 5 0 9 0]
2021-06-08 21:39:11,454 - DRL.agents.Base_Agent - INFO - Reseting game -- New start state [9 9 9 9 9 9 9 9 9 9 9 9 9 9 9 9 9 9 1 1 1 1 1 1 1 1 1 1 1 1 1 1 1 1 1 1 1
 1 1 1 1 1 1 1 1 1 1 1 1 1 1 1 1 1 1 1 1 1 1 1 1 1 1 1 1 1 1 1 1 1 1 1 1 1
 1 0 0 0 0 1 1 0 0 0 1 1 1 1 0 0 1 1 1 0 0 0 0 1 1 0 0 0 1 1 1 1 0 0 1 1 1
 0 0 0 0 1 1 0 0 0 1 1 1 1 0 0 1 1 1 0 0 0 0 1 1 0 0 0 1 1 1 1 0 0 1 1 1 0
 0 0 0 1 1 0 0 0 1 1 1 1 0 0 1 1 1 0 0 0 0 1 1 0 0 0 1 1 1 1 0 0 5 0 9 5 0
 9 5 0 9 5 0 9 5 0 9 5 0 9 5 0 9 5 0 9 0]
2021-06-08 21:39:11,454 - DRL.agents.Base_Agent - INFO - Reseting game -- New start state [9 9 9 9 9 9 9 9 9 9 9 9 9 9 9 9 9 9 1 1 1 1 1 1 1 1 1 1 1 1 1 1 1 1 1 1 1
 1 1 1 1 1 1 1 1 1 1 1 1 1 1 1 1 1 1 1 1 1 1 1 1 1 1 1 1 1 1 1 1 1 1 1 1 1
 1 0 0 0 0 1 1 0 0 0 1 1 1 1 0 0 1 1 1 0 0 0 0 1 1 0 0 0 1 1 1 1 0 0 1 1 1
 0 0 0 0 1 1 0 0 0 1 1 1 1 0 0 1 1 1 0 0 0 0 1 1 0 0 0 1 1 1 1 0 0 1 1 1 0
 0 0 0 1 1 0 0 0 1 1 1 1 0 0 1 1 1 0 0 0 0 1 1 0 0 0 1 1 1 1 0 0 5 0 9 5 0
 9 5 0 9 5 0 9 5 0 9 5 0 9 5 0 9 5 0 9 0]
2021-06-08 21:39:14,759 - DRL.agents.Base_Agent - INFO - Reseting game -- New start state [9 9 9 9 9 9 9 9 9 9 9 9 9 9 9 9 9 9 1 1 1 1 1 1 1 1 1 1 1 1 1 1 1 1 1 1 1
 1 1 1 1 1 1 1 1 1 1 1 1 1 1 1 1 1 1 1 1 1 1 1 1 1 1 1 1 1 1 1 1 1 1 1 1 1
 1 0 0 0 0 1 1 0 0 0 1 1 1 1 0 0 1 1 1 0 0 0 0 1 1 0 0 0 1 1 1 1 0 0 1 1 1
 0 0 0 0 1 1 0 0 0 1 1 1 1 0 0 1 1 1 0 0 0 0 1 1 0 0 0 1 1 1 1 0 0 1 1 1 0
 0 0 0 1 1 0 0 0 1 1 1 1 0 0 1 1 1 0 0 0 0 1 1 0 0 0 1 1 1 1 0 0 5 0 9 5 0
 9 5 0 9 5 0 9 5 0 9 5 0 9 5 0 9 5 0 9 0]
2021-06-08 21:39:14,759 - DRL.agents.Base_Agent - INFO - Reseting game -- New start state [9 9 9 9 9 9 9 9 9 9 9 9 9 9 9 9 9 9 1 1 1 1 1 1 1 1 1 1 1 1 1 1 1 1 1 1 1
 1 1 1 1 1 1 1 1 1 1 1 1 1 1 1 1 1 1 1 1 1 1 1 1 1 1 1 1 1 1 1 1 1 1 1 1 1
 1 0 0 0 0 1 1 0 0 0 1 1 1 1 0 0 1 1 1 0 0 0 0 1 1 0 0 0 1 1 1 1 0 0 1 1 1
 0 0 0 0 1 1 0 0 0 1 1 1 1 0 0 1 1 1 0 0 0 0 1 1 0 0 0 1 1 1 1 0 0 1 1 1 0
 0 0 0 1 1 0 0 0 1 1 1 1 0 0 1 1 1 0 0 0 0 1 1 0 0 0 1 1 1 1 0 0 5 0 9 5 0
 9 5 0 9 5 0 9 5 0 9 5 0 9 5 0 9 5 0 9 0]
2021-06-08 21:39:14,759 - DRL.agents.Base_Agent - INFO - Reseting game -- New start state [9 9 9 9 9 9 9 9 9 9 9 9 9 9 9 9 9 9 1 1 1 1 1 1 1 1 1 1 1 1 1 1 1 1 1 1 1
 1 1 1 1 1 1 1 1 1 1 1 1 1 1 1 1 1 1 1 1 1 1 1 1 1 1 1 1 1 1 1 1 1 1 1 1 1
 1 0 0 0 0 1 1 0 0 0 1 1 1 1 0 0 1 1 1 0 0 0 0 1 1 0 0 0 1 1 1 1 0 0 1 1 1
 0 0 0 0 1 1 0 0 0 1 1 1 1 0 0 1 1 1 0 0 0 0 1 1 0 0 0 1 1 1 1 0 0 1 1 1 0
 0 0 0 1 1 0 0 0 1 1 1 1 0 0 1 1 1 0 0 0 0 1 1 0 0 0 1 1 1 1 0 0 5 0 9 5 0
 9 5 0 9 5 0 9 5 0 9 5 0 9 5 0 9 5 0 9 0]
2021-06-08 21:39:18,088 - DRL.agents.Base_Agent - INFO - Reseting game -- New start state [9 9 9 9 9 9 9 9 9 9 9 9 9 9 9 9 9 9 1 1 1 1 1 1 1 1 1 1 1 1 1 1 1 1 1 1 1
 1 1 1 1 1 1 1 1 1 1 1 1 1 1 1 1 1 1 1 1 1 1 1 1 1 1 1 1 1 1 1 1 1 1 1 1 1
 1 0 0 0 0 1 1 0 0 0 1 1 1 1 0 0 1 1 1 0 0 0 0 1 1 0 0 0 1 1 1 1 0 0 1 1 1
 0 0 0 0 1 1 0 0 0 1 1 1 1 0 0 1 1 1 0 0 0 0 1 1 0 0 0 1 1 1 1 0 0 1 1 1 0
 0 0 0 1 1 0 0 0 1 1 1 1 0 0 1 1 1 0 0 0 0 1 1 0 0 0 1 1 1 1 0 0 5 0 9 5 0
 9 5 0 9 5 0 9 5 0 9 5 0 9 5 0 9 5 0 9 0]
2021-06-08 21:39:18,088 - DRL.agents.Base_Agent - INFO - Reseting game -- New start state [9 9 9 9 9 9 9 9 9 9 9 9 9 9 9 9 9 9 1 1 1 1 1 1 1 1 1 1 1 1 1 1 1 1 1 1 1
 1 1 1 1 1 1 1 1 1 1 1 1 1 1 1 1 1 1 1 1 1 1 1 1 1 1 1 1 1 1 1 1 1 1 1 1 1
 1 0 0 0 0 1 1 0 0 0 1 1 1 1 0 0 1 1 1 0 0 0 0 1 1 0 0 0 1 1 1 1 0 0 1 1 1
 0 0 0 0 1 1 0 0 0 1 1 1 1 0 0 1 1 1 0 0 0 0 1 1 0 0 0 1 1 1 1 0 0 1 1 1 0
 0 0 0 1 1 0 0 0 1 1 1 1 0 0 1 1 1 0 0 0 0 1 1 0 0 0 1 1 1 1 0 0 5 0 9 5 0
 9 5 0 9 5 0 9 5 0 9 5 0 9 5 0 9 5 0 9 0]
2021-06-08 21:39:18,088 - DRL.agents.Base_Agent - INFO - Reseting game -- New start state [9 9 9 9 9 9 9 9 9 9 9 9 9 9 9 9 9 9 1 1 1 1 1 1 1 1 1 1 1 1 1 1 1 1 1 1 1
 1 1 1 1 1 1 1 1 1 1 1 1 1 1 1 1 1 1 1 1 1 1 1 1 1 1 1 1 1 1 1 1 1 1 1 1 1
 1 0 0 0 0 1 1 0 0 0 1 1 1 1 0 0 1 1 1 0 0 0 0 1 1 0 0 0 1 1 1 1 0 0 1 1 1
 0 0 0 0 1 1 0 0 0 1 1 1 1 0 0 1 1 1 0 0 0 0 1 1 0 0 0 1 1 1 1 0 0 1 1 1 0
 0 0 0 1 1 0 0 0 1 1 1 1 0 0 1 1 1 0 0 0 0 1 1 0 0 0 1 1 1 1 0 0 5 0 9 5 0
 9 5 0 9 5 0 9 5 0 9 5 0 9 5 0 9 5 0 9 0]
